2020-05-09T22:25:10,352 WARN  [main]: AnnotationConfigApplicationContext   - Exception encountered during context initialization - cancelling refresh attempt: org.springframework.beans.factory.BeanCreationException: Error creating bean with name 'JPAConfig': Injection of autowired dependencies failed; nested exception is java.lang.IllegalArgumentException: Could not resolve placeholder 'db.postgres' in value "${db.postgres}" 
2020-05-09T22:32:24,040 WARN  [main]: AnnotationConfigApplicationContext   - Exception encountered during context initialization - cancelling refresh attempt: org.springframework.beans.factory.UnsatisfiedDependencyException: Error creating bean with name 'studentServiceImpl': Unsatisfied dependency expressed through field 'studentRepository'; nested exception is org.springframework.beans.factory.NoSuchBeanDefinitionException: No qualifying bean of type 'ro.ubb.catalog.core.repository.StudentRepository' available: expected at least 1 bean which qualifies as autowire candidate. Dependency annotations: {@org.springframework.beans.factory.annotation.Autowired(required=true)} 
2020-05-09T22:33:11,226 WARN  [main]: AnnotationConfigApplicationContext   - Exception encountered during context initialization - cancelling refresh attempt: org.springframework.beans.factory.UnsatisfiedDependencyException: Error creating bean with name 'studentServiceImpl': Unsatisfied dependency expressed through field 'studentRepository'; nested exception is org.springframework.beans.factory.NoSuchBeanDefinitionException: No qualifying bean of type 'ro.ubb.catalog.core.repository.StudentRepository' available: expected at least 1 bean which qualifies as autowire candidate. Dependency annotations: {@org.springframework.beans.factory.annotation.Autowired(required=true)} 
2020-05-09T22:36:30,801 WARN  [main]: AnnotationConfigApplicationContext   - Exception encountered during context initialization - cancelling refresh attempt: org.springframework.beans.factory.BeanCreationException: Error creating bean with name 'JPAConfig': Injection of autowired dependencies failed; nested exception is java.lang.IllegalArgumentException: Could not resolve placeholder 'db.postgres' in value "${db.postgres}" 
2020-05-09T22:37:00,546 WARN  [main]: AnnotationConfigApplicationContext   - Exception encountered during context initialization - cancelling refresh attempt: org.springframework.beans.factory.BeanCreationException: Error creating bean with name 'JPAConfig': Injection of autowired dependencies failed; nested exception is java.lang.IllegalArgumentException: Could not resolve placeholder 'db.dawd112' in value "${db.dawd112}" 
2020-05-09T22:37:16,501 WARN  [main]: AnnotationConfigApplicationContext   - Exception encountered during context initialization - cancelling refresh attempt: org.springframework.beans.factory.UnsatisfiedDependencyException: Error creating bean with name 'studentServiceImpl': Unsatisfied dependency expressed through field 'studentRepository'; nested exception is org.springframework.beans.factory.BeanCreationException: Error creating bean with name 'studentRepository': Cannot create inner bean '(inner bean)#6d3c232f' of type [org.springframework.orm.jpa.SharedEntityManagerCreator] while setting bean property 'entityManager'; nested exception is org.springframework.beans.factory.BeanCreationException: Error creating bean with name '(inner bean)#6d3c232f': Cannot resolve reference to bean 'entityManagerFactory' while setting constructor argument; nested exception is org.springframework.beans.factory.BeanCreationException: Error creating bean with name 'entityManagerFactory' defined in class path resource [ro/ubb/catalog/core/config/JPAConfig.class]: Bean instantiation via factory method failed; nested exception is org.springframework.beans.BeanInstantiationException: Failed to instantiate [javax.persistence.EntityManagerFactory]: Factory method 'entityManagerFactory' threw exception; nested exception is org.springframework.beans.factory.BeanCreationException: Error creating bean with name 'dataSource' defined in class path resource [ro/ubb/catalog/core/config/JPAConfig.class]: Bean instantiation via factory method failed; nested exception is org.springframework.beans.BeanInstantiationException: Failed to instantiate [javax.sql.DataSource]: Factory method 'dataSource' threw exception; nested exception is java.lang.RuntimeException: Driver org.postgresql.Driver claims to not accept jdbcUrl, postgresql://localhost/BookClient 
2020-05-09T22:39:46,301 WARN  [main]: AnnotationConfigApplicationContext   - Exception encountered during context initialization - cancelling refresh attempt: org.springframework.beans.factory.UnsatisfiedDependencyException: Error creating bean with name 'studentServiceImpl': Unsatisfied dependency expressed through field 'studentRepository'; nested exception is org.springframework.beans.factory.BeanCreationException: Error creating bean with name 'studentRepository': Cannot create inner bean '(inner bean)#6d3c232f' of type [org.springframework.orm.jpa.SharedEntityManagerCreator] while setting bean property 'entityManager'; nested exception is org.springframework.beans.factory.BeanCreationException: Error creating bean with name '(inner bean)#6d3c232f': Cannot resolve reference to bean 'entityManagerFactory' while setting constructor argument; nested exception is org.springframework.beans.factory.BeanCreationException: Error creating bean with name 'entityManagerFactory' defined in class path resource [ro/ubb/catalog/core/config/JPAConfig.class]: Bean instantiation via factory method failed; nested exception is org.springframework.beans.BeanInstantiationException: Failed to instantiate [javax.persistence.EntityManagerFactory]: Factory method 'entityManagerFactory' threw exception; nested exception is org.springframework.beans.factory.BeanCreationException: Error creating bean with name 'dataSource' defined in class path resource [ro/ubb/catalog/core/config/JPAConfig.class]: Bean instantiation via factory method failed; nested exception is org.springframework.beans.BeanInstantiationException: Failed to instantiate [javax.sql.DataSource]: Factory method 'dataSource' threw exception; nested exception is java.lang.RuntimeException: Driver org.postgresql.Driver claims to not accept jdbcUrl, ${db.jdbc:postgresql://localhost/BookClient 
2020-05-09T22:40:38,277 WARN  [main]: AnnotationConfigApplicationContext   - Exception encountered during context initialization - cancelling refresh attempt: org.springframework.beans.factory.UnsatisfiedDependencyException: Error creating bean with name 'studentServiceImpl': Unsatisfied dependency expressed through field 'studentRepository'; nested exception is org.springframework.beans.factory.BeanCreationException: Error creating bean with name 'studentRepository': Cannot create inner bean '(inner bean)#dffa30b' of type [org.springframework.orm.jpa.SharedEntityManagerCreator] while setting bean property 'entityManager'; nested exception is org.springframework.beans.factory.BeanCreationException: Error creating bean with name '(inner bean)#dffa30b': Cannot resolve reference to bean 'entityManagerFactory' while setting constructor argument; nested exception is org.springframework.beans.factory.BeanCreationException: Error creating bean with name 'entityManagerFactory' defined in class path resource [ro/ubb/catalog/core/config/JPAConfig.class]: Bean instantiation via factory method failed; nested exception is org.springframework.beans.BeanInstantiationException: Failed to instantiate [javax.persistence.EntityManagerFactory]: Factory method 'entityManagerFactory' threw exception; nested exception is org.springframework.beans.factory.BeanCreationException: Error creating bean with name 'dataSource' defined in class path resource [ro/ubb/catalog/core/config/JPAConfig.class]: Bean instantiation via factory method failed; nested exception is org.springframework.beans.BeanInstantiationException: Failed to instantiate [javax.sql.DataSource]: Factory method 'dataSource' threw exception; nested exception is java.lang.RuntimeException: Driver org.postgresql.Driver claims to not accept jdbcUrl, ${db.jdbcUrl 
2020-05-09T22:41:54,828 WARN  [main]: AnnotationConfigApplicationContext   - Exception encountered during context initialization - cancelling refresh attempt: org.springframework.beans.factory.BeanCreationException: Error creating bean with name 'resourceHandlerMapping' defined in class path resource [org/springframework/web/servlet/config/annotation/DelegatingWebMvcConfiguration.class]: Bean instantiation via factory method failed; nested exception is org.springframework.beans.BeanInstantiationException: Failed to instantiate [org.springframework.web.servlet.HandlerMapping]: Factory method 'resourceHandlerMapping' threw exception; nested exception is java.lang.IllegalStateException: No ServletContext set 
2020-05-12T18:34:28,535 WARN  [main]: MappingJackson2HttpMessageConverter  - Failed to evaluate Jackson deserialization for type [[simple type, class void]]: com.fasterxml.jackson.databind.JsonMappingException: Internal error: can't find deserializer for void 
2020-05-12T18:35:43,530 WARN  [main]: MappingJackson2HttpMessageConverter  - Failed to evaluate Jackson deserialization for type [[simple type, class void]]: com.fasterxml.jackson.databind.JsonMappingException: Internal error: can't find deserializer for void 
2020-05-12T19:42:41,645 INFO  [main]: AnnotationConfigApplicationContext   - Refreshing org.springframework.context.annotation.AnnotationConfigApplicationContext@78123e82: startup date [Tue May 12 19:42:41 EEST 2020]; root of context hierarchy 
2020-05-12T19:42:41,724 INFO  [main]: AutowiredAnnotationBeanPostProcessor - JSR-330 'javax.inject.Inject' annotation found and supported for autowiring 
2020-05-13T14:20:17,750 INFO  [main]: AnnotationConfigApplicationContext   - Refreshing org.springframework.context.annotation.AnnotationConfigApplicationContext@fba92d3: startup date [Wed May 13 14:20:17 EEST 2020]; root of context hierarchy 
2020-05-13T14:20:18,052 INFO  [main]: AutowiredAnnotationBeanPostProcessor - JSR-330 'javax.inject.Inject' annotation found and supported for autowiring 
2020-05-13T14:21:35,746 INFO  [main]: AnnotationConfigApplicationContext   - Refreshing org.springframework.context.annotation.AnnotationConfigApplicationContext@67c33749: startup date [Wed May 13 14:21:35 EEST 2020]; root of context hierarchy 
2020-05-13T14:21:35,898 INFO  [main]: AutowiredAnnotationBeanPostProcessor - JSR-330 'javax.inject.Inject' annotation found and supported for autowiring 
2020-05-13T14:56:12,905 INFO  [main]: AnnotationConfigApplicationContext   - Refreshing org.springframework.context.annotation.AnnotationConfigApplicationContext@fba92d3: startup date [Wed May 13 14:56:12 EEST 2020]; root of context hierarchy 
2020-05-13T14:56:13,185 INFO  [main]: AutowiredAnnotationBeanPostProcessor - JSR-330 'javax.inject.Inject' annotation found and supported for autowiring 
2020-05-13T14:56:33,989 INFO  [main]: AnnotationConfigApplicationContext   - Refreshing org.springframework.context.annotation.AnnotationConfigApplicationContext@fba92d3: startup date [Wed May 13 14:56:33 EEST 2020]; root of context hierarchy 
2020-05-13T14:56:34,150 INFO  [main]: AutowiredAnnotationBeanPostProcessor - JSR-330 'javax.inject.Inject' annotation found and supported for autowiring 
2020-05-13T15:01:00,973 INFO  [main]: AnnotationConfigApplicationContext   - Refreshing org.springframework.context.annotation.AnnotationConfigApplicationContext@fba92d3: startup date [Wed May 13 15:01:00 EEST 2020]; root of context hierarchy 
2020-05-13T15:01:01,151 INFO  [main]: AutowiredAnnotationBeanPostProcessor - JSR-330 'javax.inject.Inject' annotation found and supported for autowiring 
2020-05-13T15:02:40,557 INFO  [main]: AnnotationConfigApplicationContext   - Refreshing org.springframework.context.annotation.AnnotationConfigApplicationContext@fba92d3: startup date [Wed May 13 15:02:40 EEST 2020]; root of context hierarchy 
2020-05-13T15:02:40,700 INFO  [main]: AutowiredAnnotationBeanPostProcessor - JSR-330 'javax.inject.Inject' annotation found and supported for autowiring 
2020-05-13T15:03:58,522 INFO  [main]: AnnotationConfigApplicationContext   - Refreshing org.springframework.context.annotation.AnnotationConfigApplicationContext@fba92d3: startup date [Wed May 13 15:03:58 EEST 2020]; root of context hierarchy 
2020-05-13T15:03:58,668 INFO  [main]: AutowiredAnnotationBeanPostProcessor - JSR-330 'javax.inject.Inject' annotation found and supported for autowiring 
2020-05-13T15:10:12,714 INFO  [main]: AnnotationConfigApplicationContext   - Refreshing org.springframework.context.annotation.AnnotationConfigApplicationContext@fba92d3: startup date [Wed May 13 15:10:12 EEST 2020]; root of context hierarchy 
2020-05-13T15:10:12,877 INFO  [main]: AutowiredAnnotationBeanPostProcessor - JSR-330 'javax.inject.Inject' annotation found and supported for autowiring 
2020-05-13T15:11:31,229 INFO  [main]: AnnotationConfigApplicationContext   - Refreshing org.springframework.context.annotation.AnnotationConfigApplicationContext@67c33749: startup date [Wed May 13 15:11:31 EEST 2020]; root of context hierarchy 
2020-05-13T15:11:31,360 INFO  [main]: AutowiredAnnotationBeanPostProcessor - JSR-330 'javax.inject.Inject' annotation found and supported for autowiring 
2020-05-13T15:12:04,781 INFO  [main]: AnnotationConfigApplicationContext   - Refreshing org.springframework.context.annotation.AnnotationConfigApplicationContext@fba92d3: startup date [Wed May 13 15:12:04 EEST 2020]; root of context hierarchy 
2020-05-13T15:12:04,929 INFO  [main]: AutowiredAnnotationBeanPostProcessor - JSR-330 'javax.inject.Inject' annotation found and supported for autowiring 
2020-05-13T15:14:05,920 WARN  [main]: MappingJackson2HttpMessageConverter  - Failed to evaluate Jackson deserialization for type [[simple type, class void]]: com.fasterxml.jackson.databind.JsonMappingException: Internal error: can't find deserializer for void 
2020-05-13T15:15:00,430 INFO  [main]: AnnotationConfigApplicationContext   - Refreshing org.springframework.context.annotation.AnnotationConfigApplicationContext@fba92d3: startup date [Wed May 13 15:15:00 EEST 2020]; root of context hierarchy 
2020-05-13T15:15:00,577 INFO  [main]: AutowiredAnnotationBeanPostProcessor - JSR-330 'javax.inject.Inject' annotation found and supported for autowiring 
2020-05-13T15:15:28,442 WARN  [main]: MappingJackson2HttpMessageConverter  - Failed to evaluate Jackson deserialization for type [[simple type, class void]]: com.fasterxml.jackson.databind.JsonMappingException: Internal error: can't find deserializer for void 
2020-05-13T16:32:34,458 INFO  [main]: AnnotationConfigApplicationContext   - Refreshing org.springframework.context.annotation.AnnotationConfigApplicationContext@fba92d3: startup date [Wed May 13 16:32:34 EEST 2020]; root of context hierarchy 
2020-05-13T16:32:35,429 INFO  [main]: AutowiredAnnotationBeanPostProcessor - JSR-330 'javax.inject.Inject' annotation found and supported for autowiring 
2020-05-13T19:17:53,986 INFO  [main]: AnnotationConfigApplicationContext   - Refreshing org.springframework.context.annotation.AnnotationConfigApplicationContext@fba92d3: startup date [Wed May 13 19:17:53 EEST 2020]; root of context hierarchy 
2020-05-13T19:17:54,256 INFO  [main]: AutowiredAnnotationBeanPostProcessor - JSR-330 'javax.inject.Inject' annotation found and supported for autowiring 
2020-05-13T19:18:21,794 INFO  [main]: AnnotationConfigApplicationContext   - Refreshing org.springframework.context.annotation.AnnotationConfigApplicationContext@fba92d3: startup date [Wed May 13 19:18:21 EEST 2020]; root of context hierarchy 
2020-05-13T19:18:21,926 INFO  [main]: AutowiredAnnotationBeanPostProcessor - JSR-330 'javax.inject.Inject' annotation found and supported for autowiring 
2020-05-19T17:07:08,534 INFO  [main]: AnnotationConfigApplicationContext   - Refreshing org.springframework.context.annotation.AnnotationConfigApplicationContext@fba92d3: startup date [Tue May 19 17:07:08 EEST 2020]; root of context hierarchy 
2020-05-19T17:07:08,667 INFO  [main]: AutowiredAnnotationBeanPostProcessor - JSR-330 'javax.inject.Inject' annotation found and supported for autowiring 
2020-05-19T17:07:27,109 WARN  [main]: MappingJackson2HttpMessageConverter  - Failed to evaluate Jackson deserialization for type [[simple type, class void]]: com.fasterxml.jackson.databind.JsonMappingException: Internal error: can't find deserializer for void 
2020-05-19T22:04:22,205 INFO  [main]: AnnotationConfigApplicationContext   - Refreshing org.springframework.context.annotation.AnnotationConfigApplicationContext@fba92d3: startup date [Tue May 19 22:04:22 EEST 2020]; root of context hierarchy 
2020-05-19T22:04:22,337 INFO  [main]: AutowiredAnnotationBeanPostProcessor - JSR-330 'javax.inject.Inject' annotation found and supported for autowiring 
2020-05-19T22:06:21,128 WARN  [main]: MappingJackson2HttpMessageConverter  - Failed to evaluate Jackson deserialization for type [[simple type, class void]]: com.fasterxml.jackson.databind.JsonMappingException: Internal error: can't find deserializer for void 
2020-05-19T22:08:54,442 WARN  [main]: MappingJackson2HttpMessageConverter  - Failed to evaluate Jackson deserialization for type [[simple type, class void]]: com.fasterxml.jackson.databind.JsonMappingException: Internal error: can't find deserializer for void 
2020-05-19T22:10:25,541 WARN  [main]: MappingJackson2HttpMessageConverter  - Failed to evaluate Jackson deserialization for type [[simple type, class void]]: com.fasterxml.jackson.databind.JsonMappingException: Internal error: can't find deserializer for void 
2020-05-19T22:14:54,655 INFO  [main]: AnnotationConfigApplicationContext   - Refreshing org.springframework.context.annotation.AnnotationConfigApplicationContext@fba92d3: startup date [Tue May 19 22:14:54 EEST 2020]; root of context hierarchy 
2020-05-19T22:14:54,750 INFO  [main]: AutowiredAnnotationBeanPostProcessor - JSR-330 'javax.inject.Inject' annotation found and supported for autowiring 
2020-05-19T22:15:10,101 WARN  [main]: MappingJackson2HttpMessageConverter  - Failed to evaluate Jackson deserialization for type [[simple type, class void]]: com.fasterxml.jackson.databind.JsonMappingException: Internal error: can't find deserializer for void 
2020-05-19T22:53:53,204 INFO  [main]: AnnotationConfigApplicationContext   - Refreshing org.springframework.context.annotation.AnnotationConfigApplicationContext@fba92d3: startup date [Tue May 19 22:53:53 EEST 2020]; root of context hierarchy 
2020-05-19T22:53:53,309 INFO  [main]: AutowiredAnnotationBeanPostProcessor - JSR-330 'javax.inject.Inject' annotation found and supported for autowiring 
2020-05-19T22:54:21,497 INFO  [main]: AnnotationConfigApplicationContext   - Refreshing org.springframework.context.annotation.AnnotationConfigApplicationContext@fba92d3: startup date [Tue May 19 22:54:21 EEST 2020]; root of context hierarchy 
2020-05-19T22:54:21,590 INFO  [main]: AutowiredAnnotationBeanPostProcessor - JSR-330 'javax.inject.Inject' annotation found and supported for autowiring 
2020-05-19T22:54:52,426 INFO  [main]: AnnotationConfigApplicationContext   - Refreshing org.springframework.context.annotation.AnnotationConfigApplicationContext@fba92d3: startup date [Tue May 19 22:54:52 EEST 2020]; root of context hierarchy 
2020-05-19T22:54:52,518 INFO  [main]: AutowiredAnnotationBeanPostProcessor - JSR-330 'javax.inject.Inject' annotation found and supported for autowiring 
2020-05-19T23:54:51,815 INFO  [main]: AnnotationConfigApplicationContext   - Refreshing org.springframework.context.annotation.AnnotationConfigApplicationContext@fba92d3: startup date [Tue May 19 23:54:51 EEST 2020]; root of context hierarchy 
2020-05-19T23:54:51,990 INFO  [main]: AutowiredAnnotationBeanPostProcessor - JSR-330 'javax.inject.Inject' annotation found and supported for autowiring 
2020-05-19T23:55:29,586 INFO  [main]: AnnotationConfigApplicationContext   - Refreshing org.springframework.context.annotation.AnnotationConfigApplicationContext@fba92d3: startup date [Tue May 19 23:55:29 EEST 2020]; root of context hierarchy 
2020-05-19T23:55:29,695 INFO  [main]: AutowiredAnnotationBeanPostProcessor - JSR-330 'javax.inject.Inject' annotation found and supported for autowiring 
2020-05-19T23:56:55,864 INFO  [main]: AnnotationConfigApplicationContext   - Refreshing org.springframework.context.annotation.AnnotationConfigApplicationContext@fba92d3: startup date [Tue May 19 23:56:55 EEST 2020]; root of context hierarchy 
2020-05-19T23:56:55,973 INFO  [main]: AutowiredAnnotationBeanPostProcessor - JSR-330 'javax.inject.Inject' annotation found and supported for autowiring 
2020-05-19T23:57:27,387 INFO  [main]: AnnotationConfigApplicationContext   - Refreshing org.springframework.context.annotation.AnnotationConfigApplicationContext@fba92d3: startup date [Tue May 19 23:57:27 EEST 2020]; root of context hierarchy 
2020-05-19T23:57:27,482 INFO  [main]: AutowiredAnnotationBeanPostProcessor - JSR-330 'javax.inject.Inject' annotation found and supported for autowiring 
2020-05-19T23:59:08,067 INFO  [main]: AnnotationConfigApplicationContext   - Refreshing org.springframework.context.annotation.AnnotationConfigApplicationContext@fba92d3: startup date [Tue May 19 23:59:08 EEST 2020]; root of context hierarchy 
2020-05-19T23:59:08,217 INFO  [main]: AutowiredAnnotationBeanPostProcessor - JSR-330 'javax.inject.Inject' annotation found and supported for autowiring 
2020-05-20T00:00:05,234 INFO  [main]: AnnotationConfigApplicationContext   - Refreshing org.springframework.context.annotation.AnnotationConfigApplicationContext@fba92d3: startup date [Wed May 20 00:00:05 EEST 2020]; root of context hierarchy 
2020-05-20T00:00:05,355 INFO  [main]: AutowiredAnnotationBeanPostProcessor - JSR-330 'javax.inject.Inject' annotation found and supported for autowiring 
2020-05-20T00:05:03,955 INFO  [main]: AnnotationConfigApplicationContext   - Refreshing org.springframework.context.annotation.AnnotationConfigApplicationContext@fba92d3: startup date [Wed May 20 00:05:03 EEST 2020]; root of context hierarchy 
2020-05-20T00:05:04,074 INFO  [main]: AutowiredAnnotationBeanPostProcessor - JSR-330 'javax.inject.Inject' annotation found and supported for autowiring 
2020-05-20T00:22:14,508 INFO  [main]: AnnotationConfigApplicationContext   - Refreshing org.springframework.context.annotation.AnnotationConfigApplicationContext@fba92d3: startup date [Wed May 20 00:22:14 EEST 2020]; root of context hierarchy 
2020-05-20T00:22:14,695 INFO  [main]: AutowiredAnnotationBeanPostProcessor - JSR-330 'javax.inject.Inject' annotation found and supported for autowiring 
2020-05-20T00:23:40,755 INFO  [main]: AnnotationConfigApplicationContext   - Refreshing org.springframework.context.annotation.AnnotationConfigApplicationContext@fba92d3: startup date [Wed May 20 00:23:40 EEST 2020]; root of context hierarchy 
2020-05-20T00:23:40,850 INFO  [main]: AutowiredAnnotationBeanPostProcessor - JSR-330 'javax.inject.Inject' annotation found and supported for autowiring 
2020-05-20T00:24:34,913 INFO  [main]: AnnotationConfigApplicationContext   - Refreshing org.springframework.context.annotation.AnnotationConfigApplicationContext@fba92d3: startup date [Wed May 20 00:24:34 EEST 2020]; root of context hierarchy 
2020-05-20T00:24:35,104 INFO  [main]: AutowiredAnnotationBeanPostProcessor - JSR-330 'javax.inject.Inject' annotation found and supported for autowiring 
2020-05-20T00:25:29,379 INFO  [main]: AnnotationConfigApplicationContext   - Refreshing org.springframework.context.annotation.AnnotationConfigApplicationContext@fba92d3: startup date [Wed May 20 00:25:29 EEST 2020]; root of context hierarchy 
2020-05-20T00:25:29,549 INFO  [main]: AutowiredAnnotationBeanPostProcessor - JSR-330 'javax.inject.Inject' annotation found and supported for autowiring 
2020-05-20T00:27:09,720 INFO  [main]: AnnotationConfigApplicationContext   - Refreshing org.springframework.context.annotation.AnnotationConfigApplicationContext@fba92d3: startup date [Wed May 20 00:27:09 EEST 2020]; root of context hierarchy 
2020-05-20T00:27:09,829 INFO  [main]: AutowiredAnnotationBeanPostProcessor - JSR-330 'javax.inject.Inject' annotation found and supported for autowiring 
2020-05-20T00:28:15,463 INFO  [main]: AnnotationConfigApplicationContext   - Refreshing org.springframework.context.annotation.AnnotationConfigApplicationContext@fba92d3: startup date [Wed May 20 00:28:15 EEST 2020]; root of context hierarchy 
2020-05-20T00:28:15,556 INFO  [main]: AutowiredAnnotationBeanPostProcessor - JSR-330 'javax.inject.Inject' annotation found and supported for autowiring 
